<?xml version="1.0" encoding="UTF-8"?>
<!-- Generated by org.testng.reporters.JUnitXMLReporter -->
<testsuite hostname="LAPTOP-L45CF4AI" name="Default test" tests="3" failures="0" timestamp="20 Sep 2018 05:51:15 GMT" time="0.748" errors="0">
  <testcase name="@BeforeClass BrowserInitialisation" time="0.0" classname="com.zmarta.testcases.LoanPagetest">
    <failure type="org.testng.TestNGException" message="
Parameter &amp;apos;browser&amp;apos; is required by @Configuration on method BrowserInitialisation but has not been marked @Optional or defined
in C:\Users\Jino\AppData\Local\Temp\testng-eclipse--1198268449\testng-customsuite.xml">
      <![CDATA[org.testng.TestNGException: 
Parameter 'browser' is required by @Configuration on method BrowserInitialisation but has not been marked @Optional or defined
in C:\Users\Jino\AppData\Local\Temp\testng-eclipse--1198268449\testng-customsuite.xml
	at org.testng.internal.Parameters.createParameters(Parameters.java:155)
	at org.testng.internal.Parameters.createParameters(Parameters.java:355)
	at org.testng.internal.Parameters.createConfigurationParameters(Parameters.java:86)
	at org.testng.internal.Invoker.invokeConfigurations(Invoker.java:199)
	at org.testng.internal.Invoker.invokeConfigurations(Invoker.java:138)
	at org.testng.internal.TestMethodWorker.invokeBeforeClassMethods(TestMethodWorker.java:175)
	at org.testng.internal.TestMethodWorker.run(TestMethodWorker.java:107)
	at org.testng.TestRunner.privateRun(TestRunner.java:767)
	at org.testng.TestRunner.run(TestRunner.java:617)
	at org.testng.SuiteRunner.runTest(SuiteRunner.java:334)
	at org.testng.SuiteRunner.runSequentially(SuiteRunner.java:329)
	at org.testng.SuiteRunner.privateRun(SuiteRunner.java:291)
	at org.testng.SuiteRunner.run(SuiteRunner.java:240)
	at org.testng.SuiteRunnerWorker.runSuite(SuiteRunnerWorker.java:52)
	at org.testng.SuiteRunnerWorker.run(SuiteRunnerWorker.java:86)
	at org.testng.TestNG.runSuitesSequentially(TestNG.java:1198)
	at org.testng.TestNG.runSuitesLocally(TestNG.java:1123)
	at org.testng.TestNG.run(TestNG.java:1031)
	at org.testng.remote.AbstractRemoteTestNG.run(AbstractRemoteTestNG.java:114)
	at org.testng.remote.RemoteTestNG.initAndRun(RemoteTestNG.java:251)
	at org.testng.remote.RemoteTestNG.main(RemoteTestNG.java:77)
]]>
    </failure>
  </testcase> <!-- @BeforeClass BrowserInitialisation -->
  <testcase name="@BeforeMethod methodname" time="0.0" classname="com.zmarta.testcases.LoanPagetest">
    <skipped/>
  </testcase> <!-- @BeforeMethod methodname -->
  <testcase name="@BeforeMethod setup" time="0.0" classname="com.zmarta.testcases.LoanPagetest">
    <skipped/>
  </testcase> <!-- @BeforeMethod setup -->
  <testcase name="@BeforeMethod methodname" time="0.0" classname="com.zmarta.testcases.LoanPagetest">
    <skipped/>
  </testcase> <!-- @BeforeMethod methodname -->
  <testcase name="@BeforeMethod setup" time="0.0" classname="com.zmarta.testcases.LoanPagetest">
    <skipped/>
  </testcase> <!-- @BeforeMethod setup -->
  <testcase name="@BeforeMethod methodname" time="0.0" classname="com.zmarta.testcases.LoanPagetest">
    <skipped/>
  </testcase> <!-- @BeforeMethod methodname -->
  <testcase name="@BeforeMethod setup" time="0.0" classname="com.zmarta.testcases.LoanPagetest">
    <skipped/>
  </testcase> <!-- @BeforeMethod setup -->
  <testcase name="@AfterTest afterTest" time="0.0" classname="com.zmarta.testcases.LoanPagetest">
    <skipped/>
  </testcase> <!-- @AfterTest afterTest -->
  <testcase name="@AfterTest end" time="0.0" classname="com.zmarta.testcases.LoanPagetest">
    <skipped/>
  </testcase> <!-- @AfterTest end -->
  <testcase name="verifylogin" time="0.002" classname="com.zmarta.testcases.LoanPagetest">
    <skipped/>
  </testcase> <!-- verifylogin -->
  <testcase name="verifylogin" time="0.001" classname="com.zmarta.testcases.LoanPagetest">
    <skipped/>
  </testcase> <!-- verifylogin -->
  <testcase name="verifylogo" time="0.003" classname="com.zmarta.testcases.LoanPagetest">
    <skipped/>
  </testcase> <!-- verifylogo -->
</testsuite> <!-- Default test -->
